c:\users\pudy1\source\repos\csgo-source-sdk-original\csgo-source-sdk-original\debug\csgo-source-sdk-original.pch
c:\users\pudy1\source\repos\csgo-source-sdk-original\csgo-source-sdk-original\debug\vc142.pdb
c:\users\pudy1\source\repos\csgo-source-sdk-original\csgo-source-sdk-original\debug\vc142.idb
c:\users\pudy1\source\repos\csgo-source-sdk-original\csgo-source-sdk-original\debug\pch.obj
c:\users\pudy1\source\repos\csgo-source-sdk-original\csgo-source-sdk-original\debug\player.obj
c:\users\pudy1\source\repos\csgo-source-sdk-original\csgo-source-sdk-original\debug\localplayer.obj
c:\users\pudy1\source\repos\csgo-source-sdk-original\csgo-source-sdk-original\debug\sigscan.obj
c:\users\pudy1\source\repos\csgo-source-sdk-original\csgo-source-sdk-original\debug\srcsdk.obj
c:\users\pudy1\source\repos\csgo-source-sdk-original\csgo-source-sdk-original\debug\srcdumper.obj
c:\users\pudy1\source\repos\csgo-source-sdk-original\csgo-source-sdk-original\debug\sigdata.obj
c:\users\pudy1\source\repos\csgo-source-sdk-original\csgo-source-sdk-original\debug\patternscan.obj
c:\users\pudy1\source\repos\csgo-source-sdk-original\csgo-source-sdk-original\debug\netvar.obj
c:\users\pudy1\source\repos\csgo-source-sdk-original\csgo-source-sdk-original\debug\jsonxx.obj
c:\users\pudy1\source\repos\csgo-source-sdk-original\csgo-source-sdk-original\debug\ghdumper.obj
c:\users\pudy1\source\repos\csgo-source-sdk-original\csgo-source-sdk-original\debug\init.obj
c:\users\pudy1\source\repos\csgo-source-sdk-original\csgo-source-sdk-original\debug\hook.obj
c:\users\pudy1\source\repos\csgo-source-sdk-original\csgo-source-sdk-original\debug\visuals.obj
c:\users\pudy1\source\repos\csgo-source-sdk-original\csgo-source-sdk-original\debug\aimbot.obj
c:\users\pudy1\source\repos\csgo-source-sdk-original\csgo-source-sdk-original\debug\draw.obj
c:\users\pudy1\source\repos\csgo-source-sdk-original\csgo-source-sdk-original\debug\dllmain.obj
c:\users\pudy1\source\repos\csgo-source-sdk-original\csgo-source-sdk-original\debug\imgui_widgets.obj
c:\users\pudy1\source\repos\csgo-source-sdk-original\csgo-source-sdk-original\debug\imgui_impl_win32.obj
c:\users\pudy1\source\repos\csgo-source-sdk-original\csgo-source-sdk-original\debug\imgui_impl_dx9.obj
c:\users\pudy1\source\repos\csgo-source-sdk-original\csgo-source-sdk-original\debug\imgui_draw.obj
c:\users\pudy1\source\repos\csgo-source-sdk-original\csgo-source-sdk-original\debug\imgui.obj
c:\users\pudy1\source\repos\csgo-source-sdk-original\csgo-source-sdk-original\debug\options.obj
c:\users\pudy1\source\repos\csgo-source-sdk-original\csgo-source-sdk-original\debug\imguihelper.obj
c:\users\pudy1\source\repos\csgo-source-sdk-original\debug\csgo-source-sdk-original.dll
c:\users\pudy1\source\repos\csgo-source-sdk-original\debug\csgo-source-sdk-original.ilk
c:\users\pudy1\source\repos\csgo-source-sdk-original\debug\csgo-source-sdk-original.pdb
c:\users\pudy1\source\repos\csgo-source-sdk-original\csgo-source-sdk-original\debug\aimbot.obj.enc
c:\users\pudy1\source\repos\csgo-source-sdk-original\csgo-source-sdk-original\debug\hook.obj.enc
c:\users\pudy1\source\repos\csgo-source-sdk-original\csgo-source-sdk-original\debug\visuals.obj.enc
c:\users\pudy1\source\repos\csgo-source-sdk-original\csgo-source-sdk-original\debug\csgo-sou.31d434c2.tlog\cl.command.1.tlog
c:\users\pudy1\source\repos\csgo-source-sdk-original\csgo-source-sdk-original\debug\csgo-sou.31d434c2.tlog\cl.read.1.tlog
c:\users\pudy1\source\repos\csgo-source-sdk-original\csgo-source-sdk-original\debug\csgo-sou.31d434c2.tlog\cl.write.1.tlog
c:\users\pudy1\source\repos\csgo-source-sdk-original\csgo-source-sdk-original\debug\csgo-sou.31d434c2.tlog\link.command.1.tlog
c:\users\pudy1\source\repos\csgo-source-sdk-original\csgo-source-sdk-original\debug\csgo-sou.31d434c2.tlog\link.read.1.tlog
c:\users\pudy1\source\repos\csgo-source-sdk-original\csgo-source-sdk-original\debug\csgo-sou.31d434c2.tlog\link.write.1.tlog
