  Draw.cpp
C:\Users\pudy1\source\repos\CSGO-Source-SDK-Original\CSGO-Source-SDK-Original\Draw.cpp(35,20): warning C4244: 'initializing': conversion from 'double' to 'float', possible loss of data
  Aimbot.cpp
  Visuals.cpp
C:\Users\pudy1\source\repos\CSGO-Source-SDK-Original\CSGO-Source-SDK-Original\Utils\Math.h(13,39): warning C4244: 'argument': conversion from 'LONG' to 'float', possible loss of data
C:\Users\pudy1\source\repos\CSGO-Source-SDK-Original\CSGO-Source-SDK-Original\Utils\Math.h(13,25): warning C4244: 'argument': conversion from 'LONG' to 'float', possible loss of data
C:\Users\pudy1\source\repos\CSGO-Source-SDK-Original\CSGO-Source-SDK-Original\Features\Visuals.cpp(83,32): warning C4244: 'initializing': conversion from 'double' to 'float', possible loss of data
C:\Users\pudy1\source\repos\CSGO-Source-SDK-Original\CSGO-Source-SDK-Original\Features\Visuals.cpp(84,60): warning C4305: 'initializing': truncation from 'double' to 'float'
C:\Users\pudy1\source\repos\CSGO-Source-SDK-Original\CSGO-Source-SDK-Original\Features\Visuals.cpp(88,46): warning C4244: 'argument': conversion from 'float' to 'int', possible loss of data
C:\Users\pudy1\source\repos\CSGO-Source-SDK-Original\CSGO-Source-SDK-Original\Features\Visuals.cpp(88,41): warning C4244: 'argument': conversion from 'float' to 'int', possible loss of data
C:\Users\pudy1\source\repos\CSGO-Source-SDK-Original\CSGO-Source-SDK-Original\Features\Visuals.cpp(88,31): warning C4244: 'argument': conversion from 'float' to 'int', possible loss of data
  Globals.cpp
  Hook.cpp
C:\Users\pudy1\source\repos\CSGO-Source-SDK-Original\CSGO-Source-SDK-Original\Hook.cpp(24,11): warning C4309: '=': truncation of constant value
C:\Users\pudy1\source\repos\CSGO-Source-SDK-Original\CSGO-Source-SDK-Original\Hook.cpp(46,20): warning C4309: '=': truncation of constant value
  Init.cpp
  LocalPlayer.cpp
C:\Users\pudy1\source\repos\CSGO-Source-SDK-Original\CSGO-Source-SDK-Original\Utils\LocalPlayer.cpp(78,14): warning C4244: 'initializing': conversion from 'double' to 'float', possible loss of data
C:\Users\pudy1\source\repos\CSGO-Source-SDK-Original\CSGO-Source-SDK-Original\Utils\LocalPlayer.cpp(79,12): warning C4244: 'initializing': conversion from 'double' to 'float', possible loss of data
  Player.cpp
  dllmain.cpp
  Options.cpp
  imguihelper.cpp
  Generating code
  64 of 1885 functions ( 3.4%) were compiled, the rest were copied from previous compilation.
    28 functions were new in current compilation
    22 functions had inline decision re-evaluated but remain unchanged
  Finished generating code
  CSGO-Source-SDK-Original.vcxproj -> C:\Users\pudy1\source\repos\CSGO-Source-SDK-Original\Release\CSGO-Source-SDK-Original.dll
